<!DOCTYPE html PUBLIC "-//W3C//DTD XHTML 1.1//EN" "http://www.w3.org/TR/xhtml11/DTD/xhtml11.dtd">
<html xmlns="http://www.w3.org/1999/xhtml">
<head>
<meta http-equiv="content-type" content="text/html; charset=UTF-8"/>
<title>TestNG Report</title>
<style type="text/css">table {margin-bottom:10px;border-collapse:collapse;empty-cells:show}th,td {border:1px solid #009;padding:.25em .5em}th {vertical-align:bottom}td {vertical-align:top}table a {font-weight:bold}.stripe td {background-color: #E6EBF9}.num {text-align:right}.passedodd td {background-color: #3F3}.passedeven td {background-color: #0A0}.skippedodd td {background-color: #DDD}.skippedeven td {background-color: #CCC}.failedodd td,.attn {background-color: #F33}.failedeven td,.stripe .attn {background-color: #D00}.stacktrace {white-space:pre;font-family:monospace}.totop {font-size:85%;text-align:center;border-bottom:2px solid #000}.invisible {display:none}</style>
</head>
<body>
<table>
<tr><th>Test</th><th># Passed</th><th># Skipped</th><th># Retried</th><th># Failed</th><th>Time (ms)</th><th>Included Groups</th><th>Excluded Groups</th></tr>
<tr><th colspan="8">run test</th></tr>
<tr><td><a href="#t0">TestScript</a></td><td class="num">0</td><td class="num attn">1</td><td class="num">0</td><td class="num">0</td><td class="num">8,155</td><td></td><td></td></tr>
</table>
<table id='summary'><thead><tr><th>Class</th><th>Method</th><th>Start</th><th>Time (ms)</th></tr></thead><tbody><tr><th colspan="4">run test</th></tr></tbody><tbody id="t0"><tr><th colspan="4">TestScript &#8212; failed (configuration methods)</th></tr><tr class="failedeven"><td rowspan="1">TestScript.HomePageTest</td><td><a href="#m0">initTest</a></td><td rowspan="1">1578761406813</td><td rowspan="1">8079</td></tr><tr><th colspan="4">TestScript &#8212; skipped (configuration methods)</th></tr><tr class="skippedeven"><td rowspan="2">TestScript.HomePageTest</td><td><a href="#m1">beforeClass</a></td><td rowspan="1">1578761414940</td><td rowspan="1">-1578761414940</td></tr><tr class="skippedeven"><td><a href="#m2">cleanUpTest</a></td><td rowspan="1">1578761414962</td><td rowspan="1">-1578761414962</td></tr><tr><th colspan="4">TestScript &#8212; skipped</th></tr><tr class="skippedeven"><td rowspan="1">TestScript.HomePageTest</td><td><a href="#m3">addANewComputerSucessfully</a></td><td rowspan="1">1578761414959</td><td rowspan="1">0</td></tr></tbody>
</table>
<h2>TestScript</h2><h3 id="m0">TestScript.HomePageTest#initTest</h3><table class="result"><tr class="param"><th>Parameter #1</th></tr><tr class="param stripe"><td>chrome</td></tr><tr><th>Exception</th></tr><tr><td><div class="stacktrace">org.openqa.selenium.SessionNotCreatedException: session not created: This version of ChromeDriver only supports Chrome version 80
Build info: version: &apos;3.9.0&apos;, revision: &apos;698b3178f0&apos;, time: &apos;2018-02-05T14:26:55.441Z&apos;
System info: host: &apos;ABC&apos;, ip: &apos;192.168.1.6&apos;, os.name: &apos;Windows 10&apos;, os.arch: &apos;amd64&apos;, os.version: &apos;10.0&apos;, java.version: &apos;1.8.0_231&apos;
Driver info: driver.version: ChromeDriver
remote stacktrace: Backtrace:
	Ordinal0 [0x00D30AE3+1706723]
	Ordinal0 [0x00C968C1+1075393]
	Ordinal0 [0x00C0DFA9+516009]
	Ordinal0 [0x00BA0554+66900]
	Ordinal0 [0x00B9CCE2+52450]
	Ordinal0 [0x00BBBFD7+180183]
	Ordinal0 [0x00BBBDDD+179677]
	Ordinal0 [0x00BB9D4B+171339]
	Ordinal0 [0x00BA1D4A+73034]
	Ordinal0 [0x00BA2DC0+77248]
	Ordinal0 [0x00BA2D59+77145]
	Ordinal0 [0x00CABB37+1162039]
	GetHandleVerifier [0x00DCA7C6+508998]
	GetHandleVerifier [0x00DCA504+508292]
	GetHandleVerifier [0x00DDF617+594583]
	GetHandleVerifier [0x00DCB036+511158]
	Ordinal0 [0x00CA3FFC+1130492]
	Ordinal0 [0x00CAD49B+1168539]
	Ordinal0 [0x00CAD603+1168899]
	Ordinal0 [0x00CC5B05+1268485]
	BaseThreadInitThunk [0x758A6359+25]
	RtlGetAppContainerNamedObjectPath [0x77A37B74+228]
	RtlGetAppContainerNamedObjectPath [0x77A37B44+180]

	at org.openqa.selenium.remote.W3CHandshakeResponse.lambda$new$0(W3CHandshakeResponse.java:57)
	at org.openqa.selenium.remote.W3CHandshakeResponse.lambda$getResponseFunction$2(W3CHandshakeResponse.java:104)
	at org.openqa.selenium.remote.ProtocolHandshake.lambda$createSession$0(ProtocolHandshake.java:123)
	at java.util.stream.ReferencePipeline$3$1.accept(ReferencePipeline.java:193)
	at java.util.Spliterators$ArraySpliterator.tryAdvance(Spliterators.java:958)
	at java.util.stream.ReferencePipeline.forEachWithCancel(ReferencePipeline.java:126)
	at java.util.stream.AbstractPipeline.copyIntoWithCancel(AbstractPipeline.java:499)
	at java.util.stream.AbstractPipeline.copyInto(AbstractPipeline.java:486)
	at java.util.stream.AbstractPipeline.wrapAndCopyInto(AbstractPipeline.java:472)
	at java.util.stream.FindOps$FindOp.evaluateSequential(FindOps.java:152)
	at java.util.stream.AbstractPipeline.evaluate(AbstractPipeline.java:234)
	at java.util.stream.ReferencePipeline.findFirst(ReferencePipeline.java:464)
	at org.openqa.selenium.remote.ProtocolHandshake.createSession(ProtocolHandshake.java:126)
	at org.openqa.selenium.remote.ProtocolHandshake.createSession(ProtocolHandshake.java:73)
	at org.openqa.selenium.remote.HttpCommandExecutor.execute(HttpCommandExecutor.java:138)
	at org.openqa.selenium.remote.service.DriverCommandExecutor.execute(DriverCommandExecutor.java:83)
	at org.openqa.selenium.remote.RemoteWebDriver.execute(RemoteWebDriver.java:601)
	at org.openqa.selenium.remote.RemoteWebDriver.startSession(RemoteWebDriver.java:219)
	at org.openqa.selenium.remote.RemoteWebDriver.&lt;init&gt;(RemoteWebDriver.java:142)
	at org.openqa.selenium.chrome.ChromeDriver.&lt;init&gt;(ChromeDriver.java:181)
	at org.openqa.selenium.chrome.ChromeDriver.&lt;init&gt;(ChromeDriver.java:168)
	at org.openqa.selenium.chrome.ChromeDriver.&lt;init&gt;(ChromeDriver.java:123)
	at Utils.DriverFactory.getDriverInstance(DriverFactory.java:20)
	at TestScript.BaseTest.initTest(BaseTest.java:23)
... Removed 31 stack frames</div></td></tr></table><p class="totop"><a href="#summary">back to summary</a></p>
<h3 id="m1">TestScript.HomePageTest#beforeClass</h3><table class="result"><tr><th class="invisible"/></tr></table><p class="totop"><a href="#summary">back to summary</a></p>
<h3 id="m2">TestScript.HomePageTest#cleanUpTest</h3><table class="result"><tr><th class="invisible"/></tr></table><p class="totop"><a href="#summary">back to summary</a></p>
<h3 id="m3">TestScript.HomePageTest#addANewComputerSucessfully</h3><table class="result"><tr><th>Exception</th></tr><tr><td><div class="stacktrace">org.openqa.selenium.SessionNotCreatedException: session not created: This version of ChromeDriver only supports Chrome version 80
Build info: version: &apos;3.9.0&apos;, revision: &apos;698b3178f0&apos;, time: &apos;2018-02-05T14:26:55.441Z&apos;
System info: host: &apos;ABC&apos;, ip: &apos;192.168.1.6&apos;, os.name: &apos;Windows 10&apos;, os.arch: &apos;amd64&apos;, os.version: &apos;10.0&apos;, java.version: &apos;1.8.0_231&apos;
Driver info: driver.version: ChromeDriver
remote stacktrace: Backtrace:
	Ordinal0 [0x00D30AE3+1706723]
	Ordinal0 [0x00C968C1+1075393]
	Ordinal0 [0x00C0DFA9+516009]
	Ordinal0 [0x00BA0554+66900]
	Ordinal0 [0x00B9CCE2+52450]
	Ordinal0 [0x00BBBFD7+180183]
	Ordinal0 [0x00BBBDDD+179677]
	Ordinal0 [0x00BB9D4B+171339]
	Ordinal0 [0x00BA1D4A+73034]
	Ordinal0 [0x00BA2DC0+77248]
	Ordinal0 [0x00BA2D59+77145]
	Ordinal0 [0x00CABB37+1162039]
	GetHandleVerifier [0x00DCA7C6+508998]
	GetHandleVerifier [0x00DCA504+508292]
	GetHandleVerifier [0x00DDF617+594583]
	GetHandleVerifier [0x00DCB036+511158]
	Ordinal0 [0x00CA3FFC+1130492]
	Ordinal0 [0x00CAD49B+1168539]
	Ordinal0 [0x00CAD603+1168899]
	Ordinal0 [0x00CC5B05+1268485]
	BaseThreadInitThunk [0x758A6359+25]
	RtlGetAppContainerNamedObjectPath [0x77A37B74+228]
	RtlGetAppContainerNamedObjectPath [0x77A37B44+180]

	at org.openqa.selenium.remote.W3CHandshakeResponse.lambda$new$0(W3CHandshakeResponse.java:57)
	at org.openqa.selenium.remote.W3CHandshakeResponse.lambda$getResponseFunction$2(W3CHandshakeResponse.java:104)
	at org.openqa.selenium.remote.ProtocolHandshake.lambda$createSession$0(ProtocolHandshake.java:123)
	at java.util.stream.ReferencePipeline$3$1.accept(ReferencePipeline.java:193)
	at java.util.Spliterators$ArraySpliterator.tryAdvance(Spliterators.java:958)
	at java.util.stream.ReferencePipeline.forEachWithCancel(ReferencePipeline.java:126)
	at java.util.stream.AbstractPipeline.copyIntoWithCancel(AbstractPipeline.java:499)
	at java.util.stream.AbstractPipeline.copyInto(AbstractPipeline.java:486)
	at java.util.stream.AbstractPipeline.wrapAndCopyInto(AbstractPipeline.java:472)
	at java.util.stream.FindOps$FindOp.evaluateSequential(FindOps.java:152)
	at java.util.stream.AbstractPipeline.evaluate(AbstractPipeline.java:234)
	at java.util.stream.ReferencePipeline.findFirst(ReferencePipeline.java:464)
	at org.openqa.selenium.remote.ProtocolHandshake.createSession(ProtocolHandshake.java:126)
	at org.openqa.selenium.remote.ProtocolHandshake.createSession(ProtocolHandshake.java:73)
	at org.openqa.selenium.remote.HttpCommandExecutor.execute(HttpCommandExecutor.java:138)
	at org.openqa.selenium.remote.service.DriverCommandExecutor.execute(DriverCommandExecutor.java:83)
	at org.openqa.selenium.remote.RemoteWebDriver.execute(RemoteWebDriver.java:601)
	at org.openqa.selenium.remote.RemoteWebDriver.startSession(RemoteWebDriver.java:219)
	at org.openqa.selenium.remote.RemoteWebDriver.&lt;init&gt;(RemoteWebDriver.java:142)
	at org.openqa.selenium.chrome.ChromeDriver.&lt;init&gt;(ChromeDriver.java:181)
	at org.openqa.selenium.chrome.ChromeDriver.&lt;init&gt;(ChromeDriver.java:168)
	at org.openqa.selenium.chrome.ChromeDriver.&lt;init&gt;(ChromeDriver.java:123)
	at Utils.DriverFactory.getDriverInstance(DriverFactory.java:20)
	at TestScript.BaseTest.initTest(BaseTest.java:23)
... Removed 31 stack frames</div></td></tr></table><p class="totop"><a href="#summary">back to summary</a></p>
</body>
</html>
