<?xml version="1.0" encoding="UTF-8"?>
<!-- Generated by org.testng.reporters.JUnitXMLReporter -->
<testsuite hostname="abc" ignored="0" name="TestScript" tests="1" failures="0" timestamp="2020-01-11T23:50:14 ICT" time="8.155" errors="0">
  <testcase name="@BeforeTest initTest" time="8.079" classname="TestScript.BaseTest">
    <failure type="org.openqa.selenium.SessionNotCreatedException" message="session not created: This version of ChromeDriver only supports Chrome version 80
Build info: version: &amp;apos;3.9.0&amp;apos;, revision: &amp;apos;698b3178f0&amp;apos;, time: &amp;apos;2018-02-05T14:26:55.441Z&amp;apos;
System info: host: &amp;apos;ABC&amp;apos;, ip: &amp;apos;192.168.1.6&amp;apos;, os.name: &amp;apos;Windows 10&amp;apos;, os.arch: &amp;apos;amd64&amp;apos;, os.version: &amp;apos;10.0&amp;apos;, java.version: &amp;apos;1.8.0_231&amp;apos;
Driver info: driver.version: ChromeDriver
remote stacktrace: Backtrace:
	Ordinal0 [0x00D30AE3+1706723]
	Ordinal0 [0x00C968C1+1075393]
	Ordinal0 [0x00C0DFA9+516009]
	Ordinal0 [0x00BA0554+66900]
	Ordinal0 [0x00B9CCE2+52450]
	Ordinal0 [0x00BBBFD7+180183]
	Ordinal0 [0x00BBBDDD+179677]
	Ordinal0 [0x00BB9D4B+171339]
	Ordinal0 [0x00BA1D4A+73034]
	Ordinal0 [0x00BA2DC0+77248]
	Ordinal0 [0x00BA2D59+77145]
	Ordinal0 [0x00CABB37+1162039]
	GetHandleVerifier [0x00DCA7C6+508998]
	GetHandleVerifier [0x00DCA504+508292]
	GetHandleVerifier [0x00DDF617+594583]
	GetHandleVerifier [0x00DCB036+511158]
	Ordinal0 [0x00CA3FFC+1130492]
	Ordinal0 [0x00CAD49B+1168539]
	Ordinal0 [0x00CAD603+1168899]
	Ordinal0 [0x00CC5B05+1268485]
	BaseThreadInitThunk [0x758A6359+25]
	RtlGetAppContainerNamedObjectPath [0x77A37B74+228]
	RtlGetAppContainerNamedObjectPath [0x77A37B44+180]
">
      <![CDATA[org.openqa.selenium.SessionNotCreatedException: session not created: This version of ChromeDriver only supports Chrome version 80
Build info: version: '3.9.0', revision: '698b3178f0', time: '2018-02-05T14:26:55.441Z'
System info: host: 'ABC', ip: '192.168.1.6', os.name: 'Windows 10', os.arch: 'amd64', os.version: '10.0', java.version: '1.8.0_231'
Driver info: driver.version: ChromeDriver
remote stacktrace: Backtrace:
Ordinal0 [0x00D30AE3+1706723]
Ordinal0 [0x00C968C1+1075393]
Ordinal0 [0x00C0DFA9+516009]
Ordinal0 [0x00BA0554+66900]
Ordinal0 [0x00B9CCE2+52450]
Ordinal0 [0x00BBBFD7+180183]
Ordinal0 [0x00BBBDDD+179677]
Ordinal0 [0x00BB9D4B+171339]
Ordinal0 [0x00BA1D4A+73034]
Ordinal0 [0x00BA2DC0+77248]
Ordinal0 [0x00BA2D59+77145]
Ordinal0 [0x00CABB37+1162039]
GetHandleVerifier [0x00DCA7C6+508998]
GetHandleVerifier [0x00DCA504+508292]
GetHandleVerifier [0x00DDF617+594583]
GetHandleVerifier [0x00DCB036+511158]
Ordinal0 [0x00CA3FFC+1130492]
Ordinal0 [0x00CAD49B+1168539]
Ordinal0 [0x00CAD603+1168899]
Ordinal0 [0x00CC5B05+1268485]
BaseThreadInitThunk [0x758A6359+25]
RtlGetAppContainerNamedObjectPath [0x77A37B74+228]
RtlGetAppContainerNamedObjectPath [0x77A37B44+180]

at org.openqa.selenium.remote.W3CHandshakeResponse.lambda$new$0(W3CHandshakeResponse.java:57)
at org.openqa.selenium.remote.W3CHandshakeResponse.lambda$getResponseFunction$2(W3CHandshakeResponse.java:104)
at org.openqa.selenium.remote.ProtocolHandshake.lambda$createSession$0(ProtocolHandshake.java:123)
at java.util.stream.ReferencePipeline$3$1.accept(ReferencePipeline.java:193)
at java.util.Spliterators$ArraySpliterator.tryAdvance(Spliterators.java:958)
at java.util.stream.ReferencePipeline.forEachWithCancel(ReferencePipeline.java:126)
at java.util.stream.AbstractPipeline.copyIntoWithCancel(AbstractPipeline.java:499)
at java.util.stream.AbstractPipeline.copyInto(AbstractPipeline.java:486)
at java.util.stream.AbstractPipeline.wrapAndCopyInto(AbstractPipeline.java:472)
at java.util.stream.FindOps$FindOp.evaluateSequential(FindOps.java:152)
at java.util.stream.AbstractPipeline.evaluate(AbstractPipeline.java:234)
at java.util.stream.ReferencePipeline.findFirst(ReferencePipeline.java:464)
at org.openqa.selenium.remote.ProtocolHandshake.createSession(ProtocolHandshake.java:126)
at org.openqa.selenium.remote.ProtocolHandshake.createSession(ProtocolHandshake.java:73)
at org.openqa.selenium.remote.HttpCommandExecutor.execute(HttpCommandExecutor.java:138)
at org.openqa.selenium.remote.service.DriverCommandExecutor.execute(DriverCommandExecutor.java:83)
at org.openqa.selenium.remote.RemoteWebDriver.execute(RemoteWebDriver.java:601)
at org.openqa.selenium.remote.RemoteWebDriver.startSession(RemoteWebDriver.java:219)
at org.openqa.selenium.remote.RemoteWebDriver.<init>(RemoteWebDriver.java:142)
at org.openqa.selenium.chrome.ChromeDriver.<init>(ChromeDriver.java:181)
at org.openqa.selenium.chrome.ChromeDriver.<init>(ChromeDriver.java:168)
at org.openqa.selenium.chrome.ChromeDriver.<init>(ChromeDriver.java:123)
at Utils.DriverFactory.getDriverInstance(DriverFactory.java:20)
at TestScript.BaseTest.initTest(BaseTest.java:23)
... Removed 31 stack frames]]>
    </failure>
  </testcase> <!-- @BeforeTest initTest -->
  <testcase name="@BeforeClass beforeClass" time="-1.57876141494E9" classname="TestScript.HomePageTest">
    <skipped/>
  </testcase> <!-- @BeforeClass beforeClass -->
  <testcase name="@AfterTest cleanUpTest" time="-1.578761414962E9" classname="TestScript.BaseTest">
    <skipped/>
  </testcase> <!-- @AfterTest cleanUpTest -->
  <testcase name="addANewComputerSucessfully" time="0.0" classname="TestScript.HomePageTest">
    <skipped/>
  </testcase> <!-- addANewComputerSucessfully -->
</testsuite> <!-- TestScript -->
